[debug] ----------------------------------------------------------------------
[debug] Command:      /usr/local/bin/node /usr/local/bin/firebase serve
[debug] CLI Version:  3.6.1
[debug] Platform:     darwin
[debug] Node Version: v6.9.1
[debug] Time:         Tue May 09 2017 01:22:20 GMT-0700 (PDT)
[debug] ----------------------------------------------------------------------
[debug] 
[debug] > command requires scopes: ["email","openid","https://www.googleapis.com/auth/cloudplatformprojects.readonly","https://www.googleapis.com/auth/firebase","https://www.googleapis.com/auth/cloud-platform"]
[debug] >>> HTTP REQUEST GET https://admin.firebase.com/v1/projects/dowhop-webchat  
 Tue May 09 2017 01:22:20 GMT-0700 (PDT)
[debug] <<< HTTP RESPONSE 200
[debug] >>> HTTP REQUEST GET https://admin.firebase.com/v1/database/dowhop-webchat/tokens  
 Tue May 09 2017 01:22:20 GMT-0700 (PDT)
[debug] <<< HTTP RESPONSE 200
[info] Starting Firebase development server...
[info] 
[info] Project Directory: /Users/oam/Desktop/klient-friendlychat/web-dowhop
[debug] >>> HTTP REQUEST GET https://cloudresourcemanager.googleapis.com/v1/projects/dowhop-webchat  
 Tue May 09 2017 01:22:21 GMT-0700 (PDT)
[debug] <<< HTTP RESPONSE 200
[debug] >>> HTTP REQUEST GET https://mobilesdk-pa.googleapis.com/v1/projects/1093953118750/clients/_:getWebAppConfig  
 Tue May 09 2017 01:22:22 GMT-0700 (PDT)
[debug] <<< HTTP RESPONSE 200
[info] Public Directory: ./
[info] 
[info] Server listening at: http://localhost:5000
[debug] ----------------------------------------------------------------------
[debug] Command:      /usr/local/bin/node /usr/local/bin/firebase serve
[debug] CLI Version:  3.6.1
[debug] Platform:     darwin
[debug] Node Version: v6.9.1
[debug] Time:         Tue May 09 2017 01:39:59 GMT-0700 (PDT)
[debug] ----------------------------------------------------------------------
[debug] 
[debug] > command requires scopes: ["email","openid","https://www.googleapis.com/auth/cloudplatformprojects.readonly","https://www.googleapis.com/auth/firebase","https://www.googleapis.com/auth/cloud-platform"]
[debug] >>> HTTP REQUEST GET https://admin.firebase.com/v1/projects/dowhop-webchat  
 Tue May 09 2017 01:39:59 GMT-0700 (PDT)
[debug] <<< HTTP RESPONSE 200
[debug] >>> HTTP REQUEST GET https://admin.firebase.com/v1/database/dowhop-webchat/tokens  
 Tue May 09 2017 01:40:00 GMT-0700 (PDT)
[debug] <<< HTTP RESPONSE 200
[info] Starting Firebase development server...
[info] 
[info] Project Directory: /Users/oam/Desktop/klient-friendlychat/web-dowhop
[debug] >>> HTTP REQUEST GET https://cloudresourcemanager.googleapis.com/v1/projects/dowhop-webchat  
 Tue May 09 2017 01:40:01 GMT-0700 (PDT)
[debug] <<< HTTP RESPONSE 200
[debug] >>> HTTP REQUEST GET https://mobilesdk-pa.googleapis.com/v1/projects/1093953118750/clients/_:getWebAppConfig  
 Tue May 09 2017 01:40:02 GMT-0700 (PDT)
[debug] <<< HTTP RESPONSE 200
[warn] ⚠  Port 5000 is not available. Trying another port...
[debug] >>> HTTP REQUEST GET https://cloudresourcemanager.googleapis.com/v1/projects/dowhop-webchat  
 Tue May 09 2017 01:40:02 GMT-0700 (PDT)
[debug] <<< HTTP RESPONSE 200
[debug] >>> HTTP REQUEST GET https://mobilesdk-pa.googleapis.com/v1/projects/1093953118750/clients/_:getWebAppConfig  
 Tue May 09 2017 01:40:03 GMT-0700 (PDT)
[debug] <<< HTTP RESPONSE 200
[info] Public Directory: ./
[info] 
[info] Server listening at: http://localhost:5001
